2016-11-20 13:48:56,528 p=29659 u=liam |  [DEPRECATION WARNING]: Instead of sudo/sudo_user, use become/become_user and 
make sure become_method is 'sudo' (default).
This feature will be removed in a 
future release. Deprecation warnings can be disabled by setting 
deprecation_warnings=False in ansible.cfg.
2016-11-20 13:48:57,021 p=29659 u=liam |   _____________________________________
< PLAY [Laptop customization ansible] >
 -------------------------------------
        \   ^__^
         \  (oo)\_______
            (__)\       )\/\
                ||----w |
                ||     ||


2016-11-20 13:48:57,070 p=29659 u=liam |   ______________
< TASK [setup] >
 --------------
        \   ^__^
         \  (oo)\_______
            (__)\       )\/\
                ||----w |
                ||     ||


2016-11-20 13:48:57,741 p=29659 u=liam |  ok: [laptop]
2016-11-20 13:48:57,776 p=29659 u=liam |   __________________________________
< TASK [1.preup : Generate locale] >
 ----------------------------------
        \   ^__^
         \  (oo)\_______
            (__)\       )\/\
                ||----w |
                ||     ||


2016-11-20 13:48:58,072 p=29659 u=liam |  ok: [laptop]
2016-11-20 13:48:58,105 p=29659 u=liam |   ___________________________________
< TASK [1.preup : Generate ssh key] >
 -----------------------------------
        \   ^__^
         \  (oo)\_______
            (__)\       )\/\
                ||----w |
                ||     ||


2016-11-20 13:48:58,594 p=29659 u=liam |  ok: [laptop]
2016-11-20 13:48:58,628 p=29659 u=liam |   ___________________________
< TASK [1.preup : hostname] >
 ---------------------------
        \   ^__^
         \  (oo)\_______
            (__)\       )\/\
                ||----w |
                ||     ||


2016-11-20 13:48:59,244 p=29659 u=liam |  ok: [laptop]
2016-11-20 13:48:59,278 p=29659 u=liam |   _______________________________
< TASK [1.preup : install sudo] >
 -------------------------------
        \   ^__^
         \  (oo)\_______
            (__)\       )\/\
                ||----w |
                ||     ||


2016-11-20 13:48:59,974 p=29659 u=liam |  ok: [laptop]
2016-11-20 13:49:00,008 p=29659 u=liam |   ____________________________________________________
< TASK [1.preup : Make sure there's a 'wheel' group] >
 ----------------------------------------------------
        \   ^__^
         \  (oo)\_______
            (__)\       )\/\
                ||----w |
                ||     ||


2016-11-20 13:49:00,335 p=29659 u=liam |  ok: [laptop]
2016-11-20 13:49:00,370 p=29659 u=liam |   ___________________________________________________
< TASK [1.preup : Add sudoers users to wheel group] >
 ---------------------------------------------------
        \   ^__^
         \  (oo)\_______
            (__)\       )\/\
                ||----w |
                ||     ||


2016-11-20 13:49:00,927 p=29659 u=liam |  ok: [laptop]
2016-11-20 13:49:00,960 p=29659 u=liam |   __________________________________________________________
/ TASK [1.preup : Allow 'wheel' group to have passwordless \
\ sudo]                                                    /
 ----------------------------------------------------------
        \   ^__^
         \  (oo)\_______
            (__)\       )\/\
                ||----w |
                ||     ||


2016-11-20 13:49:01,279 p=29659 u=liam |  ok: [laptop]
2016-11-20 13:49:01,313 p=29659 u=liam |   __________________________________________________
/ TASK [2.usable : Install packages to set up base \
\ environment]                                     /
 --------------------------------------------------
        \   ^__^
         \  (oo)\_______
            (__)\       )\/\
                ||----w |
                ||     ||


2016-11-20 13:49:01,872 p=29659 u=liam |  ok: [laptop] => (item=[u'make', u'vim', u'git', u'tmux'])
2016-11-20 13:49:01,906 p=29659 u=liam |   ___________________________________________
< TASK [3.pacman : Set up apt/sources-list] >
 -------------------------------------------
        \   ^__^
         \  (oo)\_______
            (__)\       )\/\
                ||----w |
                ||     ||


2016-11-20 13:49:02,585 p=29659 u=liam |  ok: [laptop]
2016-11-20 13:49:02,618 p=29659 u=liam |   ________________________________________
< TASK [4.software : Install bspwm deps] >
 ----------------------------------------
        \   ^__^
         \  (oo)\_______
            (__)\       )\/\
                ||----w |
                ||     ||


2016-11-20 13:49:03,193 p=29659 u=liam |  ok: [laptop] => (item=[u'git', u'gcc', u'make', u'xcb', u'libxcb-util0-dev', u'libxcb-ewmh-dev', u'libxcb-randr0-dev', u'libxcb-icccm4-dev', u'libxcb-keysyms1-dev', u'libxcb-xinerama0-dev', u'libxcb-ewmh2'])
2016-11-20 13:49:03,225 p=29659 u=liam |   _________________________________
< TASK [4.software : Clone bspwm] >
 ---------------------------------
        \   ^__^
         \  (oo)\_______
            (__)\       )\/\
                ||----w |
                ||     ||


2016-11-20 13:49:04,879 p=29659 u=liam |  ok: [laptop]
2016-11-20 13:49:04,912 p=29659 u=liam |   ________________________________
< TASK [4.software : make bspwm] >
 --------------------------------
        \   ^__^
         \  (oo)\_______
            (__)\       )\/\
                ||----w |
                ||     ||


2016-11-20 13:49:05,280 p=29659 u=liam |  ok: [laptop]
2016-11-20 13:49:05,316 p=29659 u=liam |   ________________________________________
< TASK [4.software : make install bspwm] >
 ----------------------------------------
        \   ^__^
         \  (oo)\_______
            (__)\       )\/\
                ||----w |
                ||     ||


2016-11-20 13:49:05,611 p=29659 u=liam |  changed: [laptop]
2016-11-20 13:49:05,645 p=29659 u=liam |   _________________________________
< TASK [4.software : Clone sxhkd] >
 ---------------------------------
        \   ^__^
         \  (oo)\_______
            (__)\       )\/\
                ||----w |
                ||     ||


2016-11-20 13:49:06,994 p=29659 u=liam |  ok: [laptop]
2016-11-20 13:49:07,028 p=29659 u=liam |   ________________________________
< TASK [4.software : make sxhkd] >
 --------------------------------
        \   ^__^
         \  (oo)\_______
            (__)\       )\/\
                ||----w |
                ||     ||


2016-11-20 13:49:07,285 p=29659 u=liam |  ok: [laptop]
2016-11-20 13:49:07,318 p=29659 u=liam |   ________________________________________
< TASK [4.software : make install sxhkd] >
 ----------------------------------------
        \   ^__^
         \  (oo)\_______
            (__)\       )\/\
                ||----w |
                ||     ||


2016-11-20 13:49:07,592 p=29659 u=liam |  changed: [laptop]
2016-11-20 13:49:07,624 p=29659 u=liam |   _______________________________________
< TASK [6.x11 : Install packages for X] >
 ---------------------------------------
        \   ^__^
         \  (oo)\_______
            (__)\       )\/\
                ||----w |
                ||     ||


2016-11-20 13:53:12,789 p=29659 u=liam |  changed: [laptop] => (item=[u'xserver-xorg-core', u'xinit', u'xmonad', u'rxvt-unicode-256color', u'xterm', u'scrot', u'ranger', u'nautilus', u'mpv', u'lxappearance'])
2016-11-20 13:53:12,827 p=29659 u=liam |   ____________
< PLAY RECAP >
 ------------
        \   ^__^
         \  (oo)\_______
            (__)\       )\/\
                ||----w |
                ||     ||


2016-11-20 13:53:12,827 p=29659 u=liam |  laptop                     : ok=18   changed=3    unreachable=0    failed=0   
2016-11-20 14:01:27,509 p=2894 u=liam |  [DEPRECATION WARNING]: Instead of sudo/sudo_user, use become/become_user and 
make sure become_method is 'sudo' (default).
This feature will be removed in a 
future release. Deprecation warnings can be disabled by setting 
deprecation_warnings=False in ansible.cfg.
2016-11-20 14:01:27,555 p=2894 u=liam |  ERROR! conflicting action statements

The error appears to have been in '/home/liam/sys/automation/laptop/roles/4.dotfiles/tasks/dotfiles.yml': line 3, column 3, but may
be elsewhere in the file depending on the exact syntax problem.

The offending line appears to be:


- name: Clone dotfiles from gitlab.com
  ^ here


The error appears to have been in '/home/liam/sys/automation/laptop/roles/4.dotfiles/tasks/dotfiles.yml': line 3, column 3, but may
be elsewhere in the file depending on the exact syntax problem.

The offending line appears to be:


- name: Clone dotfiles from gitlab.com
  ^ here

2016-11-20 14:01:59,330 p=3220 u=liam |  [DEPRECATION WARNING]: Instead of sudo/sudo_user, use become/become_user and 
make sure become_method is 'sudo' (default).
This feature will be removed in a 
future release. Deprecation warnings can be disabled by setting 
deprecation_warnings=False in ansible.cfg.
2016-11-20 14:01:59,823 p=3220 u=liam |   _____________________________________
< PLAY [Laptop customization ansible] >
 -------------------------------------
        \   ^__^
         \  (oo)\_______
            (__)\       )\/\
                ||----w |
                ||     ||


2016-11-20 14:01:59,871 p=3220 u=liam |   ______________
< TASK [setup] >
 --------------
        \   ^__^
         \  (oo)\_______
            (__)\       )\/\
                ||----w |
                ||     ||


2016-11-20 14:02:01,503 p=3220 u=liam |  ok: [laptop]
2016-11-20 14:02:01,536 p=3220 u=liam |   __________________________________
< TASK [1.preup : Generate locale] >
 ----------------------------------
        \   ^__^
         \  (oo)\_______
            (__)\       )\/\
                ||----w |
                ||     ||


2016-11-20 14:02:01,973 p=3220 u=liam |  ok: [laptop]
2016-11-20 14:02:02,007 p=3220 u=liam |   ___________________________________
< TASK [1.preup : Generate ssh key] >
 -----------------------------------
        \   ^__^
         \  (oo)\_______
            (__)\       )\/\
                ||----w |
                ||     ||


2016-11-20 14:02:02,623 p=3220 u=liam |  ok: [laptop]
2016-11-20 14:02:02,658 p=3220 u=liam |   ___________________________
< TASK [1.preup : hostname] >
 ---------------------------
        \   ^__^
         \  (oo)\_______
            (__)\       )\/\
                ||----w |
                ||     ||


2016-11-20 14:02:03,323 p=3220 u=liam |  ok: [laptop]
2016-11-20 14:02:03,356 p=3220 u=liam |   _______________________________
< TASK [1.preup : install sudo] >
 -------------------------------
        \   ^__^
         \  (oo)\_______
            (__)\       )\/\
                ||----w |
                ||     ||


2016-11-20 14:02:05,085 p=3220 u=liam |  ok: [laptop]
2016-11-20 14:02:05,118 p=3220 u=liam |   ____________________________________________________
< TASK [1.preup : Make sure there's a 'wheel' group] >
 ----------------------------------------------------
        \   ^__^
         \  (oo)\_______
            (__)\       )\/\
                ||----w |
                ||     ||


2016-11-20 14:02:05,498 p=3220 u=liam |  ok: [laptop]
2016-11-20 14:02:05,532 p=3220 u=liam |   ___________________________________________________
< TASK [1.preup : Add sudoers users to wheel group] >
 ---------------------------------------------------
        \   ^__^
         \  (oo)\_______
            (__)\       )\/\
                ||----w |
                ||     ||


2016-11-20 14:02:05,842 p=3220 u=liam |  ok: [laptop]
2016-11-20 14:02:05,875 p=3220 u=liam |   __________________________________________________________
/ TASK [1.preup : Allow 'wheel' group to have passwordless \
\ sudo]                                                    /
 ----------------------------------------------------------
        \   ^__^
         \  (oo)\_______
            (__)\       )\/\
                ||----w |
                ||     ||


2016-11-20 14:02:06,243 p=3220 u=liam |  ok: [laptop]
2016-11-20 14:02:06,276 p=3220 u=liam |   __________________________________________________
/ TASK [2.usable : Install packages to set up base \
\ environment]                                     /
 --------------------------------------------------
        \   ^__^
         \  (oo)\_______
            (__)\       )\/\
                ||----w |
                ||     ||


2016-11-20 14:02:06,859 p=3220 u=liam |  ok: [laptop] => (item=[u'make', u'vim', u'git', u'tmux'])
2016-11-20 14:02:06,893 p=3220 u=liam |   ___________________________________________
< TASK [3.pacman : Set up apt/sources-list] >
 -------------------------------------------
        \   ^__^
         \  (oo)\_______
            (__)\       )\/\
                ||----w |
                ||     ||


2016-11-20 14:02:07,402 p=3220 u=liam |  ok: [laptop]
2016-11-20 14:02:07,436 p=3220 u=liam |   ________________________________________
< TASK [4.software : Install bspwm deps] >
 ----------------------------------------
        \   ^__^
         \  (oo)\_______
            (__)\       )\/\
                ||----w |
                ||     ||


2016-11-20 14:02:08,275 p=3220 u=liam |  ok: [laptop] => (item=[u'git', u'gcc', u'make', u'xcb', u'libxcb-util0-dev', u'libxcb-ewmh-dev', u'libxcb-randr0-dev', u'libxcb-icccm4-dev', u'libxcb-keysyms1-dev', u'libxcb-xinerama0-dev', u'libxcb-ewmh2'])
2016-11-20 14:02:08,308 p=3220 u=liam |   _________________________________
< TASK [4.software : Clone bspwm] >
 ---------------------------------
        \   ^__^
         \  (oo)\_______
            (__)\       )\/\
                ||----w |
                ||     ||


2016-11-20 14:02:10,544 p=3220 u=liam |  ok: [laptop]
2016-11-20 14:02:10,578 p=3220 u=liam |   ________________________________
< TASK [4.software : make bspwm] >
 --------------------------------
        \   ^__^
         \  (oo)\_______
            (__)\       )\/\
                ||----w |
                ||     ||


2016-11-20 14:02:10,991 p=3220 u=liam |  ok: [laptop]
2016-11-20 14:02:11,024 p=3220 u=liam |   ________________________________________
< TASK [4.software : make install bspwm] >
 ----------------------------------------
        \   ^__^
         \  (oo)\_______
            (__)\       )\/\
                ||----w |
                ||     ||


2016-11-20 14:02:11,442 p=3220 u=liam |  changed: [laptop]
2016-11-20 14:02:11,475 p=3220 u=liam |   _________________________________
< TASK [4.software : Clone sxhkd] >
 ---------------------------------
        \   ^__^
         \  (oo)\_______
            (__)\       )\/\
                ||----w |
                ||     ||


2016-11-20 14:02:13,133 p=3220 u=liam |  ok: [laptop]
2016-11-20 14:02:13,167 p=3220 u=liam |   ________________________________
< TASK [4.software : make sxhkd] >
 --------------------------------
        \   ^__^
         \  (oo)\_______
            (__)\       )\/\
                ||----w |
                ||     ||


2016-11-20 14:02:13,412 p=3220 u=liam |  ok: [laptop]
2016-11-20 14:02:13,446 p=3220 u=liam |   ________________________________________
< TASK [4.software : make install sxhkd] >
 ----------------------------------------
        \   ^__^
         \  (oo)\_______
            (__)\       )\/\
                ||----w |
                ||     ||


2016-11-20 14:02:13,722 p=3220 u=liam |  changed: [laptop]
2016-11-20 14:02:13,755 p=3220 u=liam |   ____________________________________________________
< TASK [4.dotfiles : Clone dotfiles from gitlab.com] >
 ----------------------------------------------------
        \   ^__^
         \  (oo)\_______
            (__)\       )\/\
                ||----w |
                ||     ||


2016-11-20 14:02:14,056 p=3220 u=liam |  fatal: [laptop]: FAILED! => {"changed": false, "failed": true, "msg": "missing required arguments: repo"}
2016-11-20 14:02:14,088 p=3220 u=liam |   ____________
< PLAY RECAP >
 ------------
        \   ^__^
         \  (oo)\_______
            (__)\       )\/\
                ||----w |
                ||     ||


2016-11-20 14:02:14,088 p=3220 u=liam |  laptop                     : ok=17   changed=2    unreachable=0    failed=1   
2016-11-20 14:02:24,715 p=3716 u=liam |  [DEPRECATION WARNING]: Instead of sudo/sudo_user, use become/become_user and 
make sure become_method is 'sudo' (default).
This feature will be removed in a 
future release. Deprecation warnings can be disabled by setting 
deprecation_warnings=False in ansible.cfg.
2016-11-20 14:02:25,212 p=3716 u=liam |   _____________________________________
< PLAY [Laptop customization ansible] >
 -------------------------------------
        \   ^__^
         \  (oo)\_______
            (__)\       )\/\
                ||----w |
                ||     ||


2016-11-20 14:02:25,261 p=3716 u=liam |   ______________
< TASK [setup] >
 --------------
        \   ^__^
         \  (oo)\_______
            (__)\       )\/\
                ||----w |
                ||     ||


2016-11-20 14:02:25,871 p=3716 u=liam |  ok: [laptop]
2016-11-20 14:02:25,906 p=3716 u=liam |   __________________________________
< TASK [1.preup : Generate locale] >
 ----------------------------------
        \   ^__^
         \  (oo)\_______
            (__)\       )\/\
                ||----w |
                ||     ||


2016-11-20 14:02:26,220 p=3716 u=liam |  ok: [laptop]
2016-11-20 14:02:26,252 p=3716 u=liam |   ___________________________________
< TASK [1.preup : Generate ssh key] >
 -----------------------------------
        \   ^__^
         \  (oo)\_______
            (__)\       )\/\
                ||----w |
                ||     ||


2016-11-20 14:02:26,725 p=3716 u=liam |  ok: [laptop]
2016-11-20 14:02:26,758 p=3716 u=liam |   ___________________________
< TASK [1.preup : hostname] >
 ---------------------------
        \   ^__^
         \  (oo)\_______
            (__)\       )\/\
                ||----w |
                ||     ||


2016-11-20 14:02:27,362 p=3716 u=liam |  ok: [laptop]
2016-11-20 14:02:27,395 p=3716 u=liam |   _______________________________
< TASK [1.preup : install sudo] >
 -------------------------------
        \   ^__^
         \  (oo)\_______
            (__)\       )\/\
                ||----w |
                ||     ||


2016-11-20 14:02:28,074 p=3716 u=liam |  ok: [laptop]
2016-11-20 14:02:28,107 p=3716 u=liam |   ____________________________________________________
< TASK [1.preup : Make sure there's a 'wheel' group] >
 ----------------------------------------------------
        \   ^__^
         \  (oo)\_______
            (__)\       )\/\
                ||----w |
                ||     ||


2016-11-20 14:02:28,445 p=3716 u=liam |  ok: [laptop]
2016-11-20 14:02:28,479 p=3716 u=liam |   ___________________________________________________
< TASK [1.preup : Add sudoers users to wheel group] >
 ---------------------------------------------------
        \   ^__^
         \  (oo)\_______
            (__)\       )\/\
                ||----w |
                ||     ||


2016-11-20 14:02:28,800 p=3716 u=liam |  ok: [laptop]
2016-11-20 14:02:28,834 p=3716 u=liam |   __________________________________________________________
/ TASK [1.preup : Allow 'wheel' group to have passwordless \
\ sudo]                                                    /
 ----------------------------------------------------------
        \   ^__^
         \  (oo)\_______
            (__)\       )\/\
                ||----w |
                ||     ||


2016-11-20 14:02:29,150 p=3716 u=liam |  ok: [laptop]
2016-11-20 14:02:29,183 p=3716 u=liam |   __________________________________________________
/ TASK [2.usable : Install packages to set up base \
\ environment]                                     /
 --------------------------------------------------
        \   ^__^
         \  (oo)\_______
            (__)\       )\/\
                ||----w |
                ||     ||


2016-11-20 14:02:29,750 p=3716 u=liam |  ok: [laptop] => (item=[u'make', u'vim', u'git', u'tmux'])
2016-11-20 14:02:29,782 p=3716 u=liam |   ___________________________________________
< TASK [3.pacman : Set up apt/sources-list] >
 -------------------------------------------
        \   ^__^
         \  (oo)\_______
            (__)\       )\/\
                ||----w |
                ||     ||


2016-11-20 14:02:30,264 p=3716 u=liam |  ok: [laptop]
2016-11-20 14:02:30,296 p=3716 u=liam |   ________________________________________
< TASK [4.software : Install bspwm deps] >
 ----------------------------------------
        \   ^__^
         \  (oo)\_______
            (__)\       )\/\
                ||----w |
                ||     ||


2016-11-20 14:02:30,866 p=3716 u=liam |  ok: [laptop] => (item=[u'git', u'gcc', u'make', u'xcb', u'libxcb-util0-dev', u'libxcb-ewmh-dev', u'libxcb-randr0-dev', u'libxcb-icccm4-dev', u'libxcb-keysyms1-dev', u'libxcb-xinerama0-dev', u'libxcb-ewmh2'])
2016-11-20 14:02:30,899 p=3716 u=liam |   _________________________________
< TASK [4.software : Clone bspwm] >
 ---------------------------------
        \   ^__^
         \  (oo)\_______
            (__)\       )\/\
                ||----w |
                ||     ||


2016-11-20 14:02:32,705 p=3716 u=liam |  ok: [laptop]
2016-11-20 14:02:32,738 p=3716 u=liam |   ________________________________
< TASK [4.software : make bspwm] >
 --------------------------------
        \   ^__^
         \  (oo)\_______
            (__)\       )\/\
                ||----w |
                ||     ||


2016-11-20 14:02:33,097 p=3716 u=liam |  ok: [laptop]
2016-11-20 14:02:33,130 p=3716 u=liam |   ________________________________________
< TASK [4.software : make install bspwm] >
 ----------------------------------------
        \   ^__^
         \  (oo)\_______
            (__)\       )\/\
                ||----w |
                ||     ||


2016-11-20 14:02:33,411 p=3716 u=liam |  changed: [laptop]
2016-11-20 14:02:33,443 p=3716 u=liam |   _________________________________
< TASK [4.software : Clone sxhkd] >
 ---------------------------------
        \   ^__^
         \  (oo)\_______
            (__)\       )\/\
                ||----w |
                ||     ||


2016-11-20 14:02:35,096 p=3716 u=liam |  ok: [laptop]
2016-11-20 14:02:35,129 p=3716 u=liam |   ________________________________
< TASK [4.software : make sxhkd] >
 --------------------------------
        \   ^__^
         \  (oo)\_______
            (__)\       )\/\
                ||----w |
                ||     ||


2016-11-20 14:02:35,381 p=3716 u=liam |  ok: [laptop]
2016-11-20 14:02:35,415 p=3716 u=liam |   ________________________________________
< TASK [4.software : make install sxhkd] >
 ----------------------------------------
        \   ^__^
         \  (oo)\_______
            (__)\       )\/\
                ||----w |
                ||     ||


2016-11-20 14:02:36,531 p=3716 u=liam |  changed: [laptop]
2016-11-20 14:02:36,564 p=3716 u=liam |   ____________________________________________________
< TASK [4.dotfiles : Clone dotfiles from gitlab.com] >
 ----------------------------------------------------
        \   ^__^
         \  (oo)\_______
            (__)\       )\/\
                ||----w |
                ||     ||


2016-11-20 14:02:36,871 p=3716 u=liam |  fatal: [laptop]: FAILED! => {"changed": false, "failed": true, "msg": "gitlab.com has an unknown hostkey. Set accept_hostkey to True or manually add the hostkey prior to running the git module"}
2016-11-20 14:02:36,902 p=3716 u=liam |   ____________
< PLAY RECAP >
 ------------
        \   ^__^
         \  (oo)\_______
            (__)\       )\/\
                ||----w |
                ||     ||


2016-11-20 14:02:36,904 p=3716 u=liam |  laptop                     : ok=17   changed=2    unreachable=0    failed=1   
